<?xml version="1.0" encoding="UTF-8"?>
<!-- Generated by org.testng.reporters.JUnitReportReporter -->
<testsuite skipped="0" hostname="Samis-MacBook-Pro.local" name="runner.RunCuke" tests="1" failures="0" timestamp="04 Apr 2018 15:43:22 GMT" time="0.325" errors="0">
  <testcase name="feature" time="0.325" classname="runner.RunCuke"/>
</testsuite> <!-- runner.RunCuke -->
